<?xml version="1.0" encoding="UTF-8"?>
<testsuite xmlns:xsi="http://www.w3.org/2001/XMLSchema-instance" xsi:noNamespaceSchemaLocation="https://maven.apache.org/surefire/maven-surefire-plugin/xsd/surefire-test-report-3.0.xsd" version="3.0" name="gov.payeejdbc.payeejdbc.MainTest" time="3.418" tests="1" errors="0" skipped="0" failures="0">
  <properties>
[...]
</properties>
  <testcase name="testHelloWorld" classname="gov.payeejdbc.payeejdbc.MainTest" time="0.418">
    <system-out><![CDATA[2022.09.13 12:06:30 WARN org.jboss.weld.Bootstrap Thread[ForkJoinPool.commonPool-worker-5,5,main]: WELD-000167: Class gov.payeejdbc.payeejdbc.common.JanAadhar is annotated with @Dependent but it does not declare an appropriate constructor therefore is not registered as a bean!
2022.09.13 12:06:30 WARN org.jboss.weld.Bootstrap Thread[ForkJoinPool.commonPool-worker-9,5,main]: WELD-000167: Class gov.payeejdbc.payeejdbc.common.JanaadhaarMemberId is annotated with @Dependent but it does not declare an appropriate constructor therefore is not registered as a bean!
2022.09.13 12:06:31 INFO io.helidon.common.LogConfig Thread[main,5,main]: Logging at initialization configured using D:\Rakesh\PAYEE\payeejdbc\target\classes\logging.properties
2022.09.13 12:06:31 INFO io.helidon.microprofile.server.ServerCdiExtension Thread[main,5,main]: Registering JAX-RS Application: HelidonMP
2022.09.13 12:06:32 INFO io.helidon.webserver.NettyWebServer Thread[nioEventLoopGroup-2-1,10,main]: Channel '@default' started: [id: 0x41aad5b7, L:/0:0:0:0:0:0:0:0:65235]
2022.09.13 12:06:32 INFO io.helidon.microprofile.server.ServerCdiExtension Thread[main,5,main]: Server started on http://localhost:65235 (and all other host addresses) in 3360 milliseconds (since JVM startup).
2022.09.13 12:06:32 INFO io.helidon.common.HelidonFeatures Thread[features-thread,5,main]: Helidon MP 2.5.2 features: [CDI, Config, Health, JAX-RS, Metrics, Open API, REST Client, Server]
]]></system-out>
  </testcase>
</testsuite>